Connexion réussie à MongoDB.
Scraping category Vegan - page 1 with URL https://www.marmiton.org/recettes/selection_recette_vegan.aspx?p=1
Scraping category Vegan - page 2 with URL https://www.marmiton.org/recettes/selection_recette_vegan.aspx?p=2
Scraping category Vegan - page 3 with URL https://www.marmiton.org/recettes/selection_recette_vegan.aspx?p=3
Scraping category Sans Gluten - page 1 with URL https://www.marmiton.org/recettes/selection_sans_gluten.aspx?p=1
Scraping category Sans Gluten - page 2 with URL https://www.marmiton.org/recettes/selection_sans_gluten.aspx?p=2
Scraping category Sans Gluten - page 3 with URL https://www.marmiton.org/recettes/selection_sans_gluten.aspx?p=3
Scraping category Végétarien - page 1 with URL https://www.marmiton.org/recettes/selection_vegetarien.aspx?p=1
Scraping category Végétarien - page 2 with URL https://www.marmiton.org/recettes/selection_vegetarien.aspx?p=2
Scraping category Végétarien - page 3 with URL https://www.marmiton.org/recettes/selection_vegetarien.aspx?p=3
Scraping category Healthy - page 1 with URL https://www.marmiton.org/recettes/selection_mincealors.aspx?p=1
Scraping category Healthy - page 2 with URL https://www.marmiton.org/recettes/selection_mincealors.aspx?p=2
Scraping category Healthy - page 3 with URL https://www.marmiton.org/recettes/selection_mincealors.aspx?p=3
Connexion réussie à MongoDB.
Scraping category Vegan - page 1 with URL https://www.marmiton.org/recettes/selection_recette_vegan.aspx?p=1
Scraping category Vegan - page 2 with URL https://www.marmiton.org/recettes/selection_recette_vegan.aspx?p=2
Scraping category Vegan - page 3 with URL https://www.marmiton.org/recettes/selection_recette_vegan.aspx?p=3
Scraping category Sans Gluten - page 1 with URL https://www.marmiton.org/recettes/selection_sans_gluten.aspx?p=1
Scraping category Sans Gluten - page 2 with URL https://www.marmiton.org/recettes/selection_sans_gluten.aspx?p=2
Scraping category Sans Gluten - page 3 with URL https://www.marmiton.org/recettes/selection_sans_gluten.aspx?p=3
Scraping category Végétarien - page 1 with URL https://www.marmiton.org/recettes/selection_vegetarien.aspx?p=1
Scraping category Végétarien - page 2 with URL https://www.marmiton.org/recettes/selection_vegetarien.aspx?p=2
Scraping category Végétarien - page 3 with URL https://www.marmiton.org/recettes/selection_vegetarien.aspx?p=3
Scraping category Healthy - page 1 with URL https://www.marmiton.org/recettes/selection_mincealors.aspx?p=1
Scraping category Healthy - page 2 with URL https://www.marmiton.org/recettes/selection_mincealors.aspx?p=2
Scraping category Healthy - page 3 with URL https://www.marmiton.org/recettes/selection_mincealors.aspx?p=3
Connexion réussie à MongoDB.
Scraping category Vegan - page 1 with URL https://www.marmiton.org/recettes/selection_recette_vegan.aspx?p=1
Scraping category Vegan - page 2 with URL https://www.marmiton.org/recettes/selection_recette_vegan.aspx?p=2
Scraping category Vegan - page 3 with URL https://www.marmiton.org/recettes/selection_recette_vegan.aspx?p=3
Scraping category Sans Gluten - page 1 with URL https://www.marmiton.org/recettes/selection_sans_gluten.aspx?p=1
Scraping category Sans Gluten - page 2 with URL https://www.marmiton.org/recettes/selection_sans_gluten.aspx?p=2
Scraping category Sans Gluten - page 3 with URL https://www.marmiton.org/recettes/selection_sans_gluten.aspx?p=3
Scraping category Végétarien - page 1 with URL https://www.marmiton.org/recettes/selection_vegetarien.aspx?p=1
Scraping category Végétarien - page 2 with URL https://www.marmiton.org/recettes/selection_vegetarien.aspx?p=2
Scraping category Végétarien - page 3 with URL https://www.marmiton.org/recettes/selection_vegetarien.aspx?p=3
Scraping category Healthy - page 1 with URL https://www.marmiton.org/recettes/selection_mincealors.aspx?p=1
Scraping category Healthy - page 2 with URL https://www.marmiton.org/recettes/selection_mincealors.aspx?p=2
Scraping category Healthy - page 3 with URL https://www.marmiton.org/recettes/selection_mincealors.aspx?p=3
Connexion réussie à MongoDB.
Scraping category Vegan - page 1 with URL https://www.marmiton.org/recettes/selection_recette_vegan.aspx?p=1
Scraping category Vegan - page 2 with URL https://www.marmiton.org/recettes/selection_recette_vegan.aspx?p=2
Scraping category Vegan - page 3 with URL https://www.marmiton.org/recettes/selection_recette_vegan.aspx?p=3
Scraping category Sans Gluten - page 1 with URL https://www.marmiton.org/recettes/selection_sans_gluten.aspx?p=1
Scraping category Sans Gluten - page 2 with URL https://www.marmiton.org/recettes/selection_sans_gluten.aspx?p=2
Scraping category Sans Gluten - page 3 with URL https://www.marmiton.org/recettes/selection_sans_gluten.aspx?p=3
Scraping category Végétarien - page 1 with URL https://www.marmiton.org/recettes/selection_vegetarien.aspx?p=1
Scraping category Végétarien - page 2 with URL https://www.marmiton.org/recettes/selection_vegetarien.aspx?p=2
Scraping category Végétarien - page 3 with URL https://www.marmiton.org/recettes/selection_vegetarien.aspx?p=3
Scraping category Healthy - page 1 with URL https://www.marmiton.org/recettes/selection_mincealors.aspx?p=1
Scraping category Healthy - page 2 with URL https://www.marmiton.org/recettes/selection_mincealors.aspx?p=2
Scraping category Healthy - page 3 with URL https://www.marmiton.org/recettes/selection_mincealors.aspx?p=3
Connexion réussie à MongoDB.
Scraping category Vegan - page 1 with URL https://www.marmiton.org/recettes/selection_recette_vegan.aspx?p=1
Scraping category Vegan - page 2 with URL https://www.marmiton.org/recettes/selection_recette_vegan.aspx?p=2
Scraping category Vegan - page 3 with URL https://www.marmiton.org/recettes/selection_recette_vegan.aspx?p=3
Scraping category Sans Gluten - page 1 with URL https://www.marmiton.org/recettes/selection_sans_gluten.aspx?p=1
Scraping category Sans Gluten - page 2 with URL https://www.marmiton.org/recettes/selection_sans_gluten.aspx?p=2
Scraping category Sans Gluten - page 3 with URL https://www.marmiton.org/recettes/selection_sans_gluten.aspx?p=3
Scraping category Végétarien - page 1 with URL https://www.marmiton.org/recettes/selection_vegetarien.aspx?p=1
Scraping category Végétarien - page 2 with URL https://www.marmiton.org/recettes/selection_vegetarien.aspx?p=2
Scraping category Végétarien - page 3 with URL https://www.marmiton.org/recettes/selection_vegetarien.aspx?p=3
Scraping category Healthy - page 1 with URL https://www.marmiton.org/recettes/selection_mincealors.aspx?p=1
Scraping category Healthy - page 2 with URL https://www.marmiton.org/recettes/selection_mincealors.aspx?p=2
Scraping category Healthy - page 3 with URL https://www.marmiton.org/recettes/selection_mincealors.aspx?p=3
